::1 - - [11/Sep/2023:13:37:57 +0000] "GET /farmacias HTTP/1.1" 200 1433 "-" "got (https://github.com/sindresorhus/got)"
::1 - - [11/Sep/2023:13:40:18 +0000] "GET /farmacias/1 HTTP/1.1" 200 364 "-" "got (https://github.com/sindresorhus/got)"
::1 - - [11/Sep/2023:13:40:22 +0000] "GET /farmacias/2 HTTP/1.1" 200 358 "-" "got (https://github.com/sindresorhus/got)"
::1 - - [11/Sep/2023:13:40:38 +0000] "GET /farmacias/1 HTTP/1.1" 200 364 "-" "got (https://github.com/sindresorhus/got)"
::1 - - [11/Sep/2023:13:40:42 +0000] "GET /farmacias/2 HTTP/1.1" 200 358 "-" "got (https://github.com/sindresorhus/got)"
::1 - - [13/Sep/2023:13:25:40 +0000] "GET /medicamentos HTTP/1.1" 200 11716 "-" "got (https://github.com/sindresorhus/got)"
::1 - - [13/Sep/2023:13:25:59 +0000] "GET /medicamentos/68 HTTP/1.1" 404 154 "-" "got (https://github.com/sindresorhus/got)"
::1 - - [13/Sep/2023:13:26:32 +0000] "GET /medicamentos/borrar?id=68 HTTP/1.1" 404 158 "-" "got (https://github.com/sindresorhus/got)"
::1 - - [13/Sep/2023:13:26:57 +0000] "GET /medicamentos/borrar?id=68 HTTP/1.1" 404 158 "-" "got (https://github.com/sindresorhus/got)"
::1 - - [13/Sep/2023:13:27:02 +0000] "DELETE /medicamentos/borrar?id=68 HTTP/1.1" 200 107 "-" "got (https://github.com/sindresorhus/got)"
::1 - - [13/Sep/2023:13:27:15 +0000] "DELETE /medicamentos HTTP/1.1" 404 154 "-" "got (https://github.com/sindresorhus/got)"
::1 - - [13/Sep/2023:13:27:19 +0000] "GET /medicamentos HTTP/1.1" 200 11543 "-" "got (https://github.com/sindresorhus/got)"
::1 - - [13/Sep/2023:13:28:15 +0000] "GET /medicamentos HTTP/1.1" 200 11543 "-" "got (https://github.com/sindresorhus/got)"
::1 - - [13/Sep/2023:13:28:31 +0000] "GET /medicamentos?id=67 HTTP/1.1" 200 11543 "-" "got (https://github.com/sindresorhus/got)"
::1 - - [13/Sep/2023:13:28:37 +0000] "DELETE /medicamentos?id=67 HTTP/1.1" 200 107 "-" "got (https://github.com/sindresorhus/got)"
::1 - - [13/Sep/2023:13:36:38 +0000] "DELETE /medicamentos?id=116 HTTP/1.1" 200 32 "-" "got (https://github.com/sindresorhus/got)"
::1 - - [13/Sep/2023:13:36:43 +0000] "DELETE /medicamentos?id=116 HTTP/1.1" 200 27 "-" "got (https://github.com/sindresorhus/got)"
::1 - - [13/Sep/2023:13:36:57 +0000] "DELETE /medicamentos?id=1 HTTP/1.1" 200 32 "-" "got (https://github.com/sindresorhus/got)"
::1 - - [13/Sep/2023:13:37:06 +0000] "DELETE /medicamentos?id=2 HTTP/1.1" 200 32 "-" "got (https://github.com/sindresorhus/got)"
::1 - - [13/Sep/2023:13:37:28 +0000] "GET /medicamentos?id=3 HTTP/1.1" 200 10857 "-" "got (https://github.com/sindresorhus/got)"
::1 - - [13/Sep/2023:13:39:05 +0000] "DELETE /medicamentos?id=3 HTTP/1.1" 200 32 "-" "got (https://github.com/sindresorhus/got)"
::1 - - [14/Sep/2023:13:32:44 +0000] "PATCH /medicamentos HTTP/1.1" 500 1392 "-" "got (https://github.com/sindresorhus/got)"
::1 - - [14/Sep/2023:13:33:02 +0000] "PATCH /medicamentos HTTP/1.1" 200 - "-" "got (https://github.com/sindresorhus/got)"
::1 - - [14/Sep/2023:13:33:32 +0000] "PATCH /medicamentos HTTP/1.1" 200 18 "-" "got (https://github.com/sindresorhus/got)"
::1 - - [14/Sep/2023:13:34:47 +0000] "PATCH /medicamentos HTTP/1.1" 200 18 "-" "got (https://github.com/sindresorhus/got)"
::1 - - [14/Sep/2023:13:34:55 +0000] "PATCH /medicamentos HTTP/1.1" 200 18 "-" "got (https://github.com/sindresorhus/got)"
::1 - - [14/Sep/2023:13:35:07 +0000] "PATCH /medicamentos HTTP/1.1" 200 1 "-" "got (https://github.com/sindresorhus/got)"
::1 - - [14/Sep/2023:13:35:09 +0000] "PATCH /medicamentos HTTP/1.1" 200 1 "-" "got (https://github.com/sindresorhus/got)"
::1 - - [14/Sep/2023:13:35:34 +0000] "PATCH /medicamentos HTTP/1.1" 200 1 "-" "got (https://github.com/sindresorhus/got)"
::1 - - [14/Sep/2023:13:36:50 +0000] "PATCH /medicamentos HTTP/1.1" 200 10 "-" "got (https://github.com/sindresorhus/got)"
::1 - - [14/Sep/2023:13:40:14 +0000] "PATCH /medicamentos HTTP/1.1" 500 1392 "-" "got (https://github.com/sindresorhus/got)"
::1 - - [14/Sep/2023:13:40:29 +0000] "PATCH /medicamentos HTTP/1.1" 200 16 "-" "got (https://github.com/sindresorhus/got)"
::1 - - [14/Sep/2023:13:42:06 +0000] "PATCH /medicamentos HTTP/1.1" 200 19 "-" "got (https://github.com/sindresorhus/got)"
::1 - - [14/Sep/2023:13:42:07 +0000] "PATCH /medicamentos HTTP/1.1" 200 19 "-" "got (https://github.com/sindresorhus/got)"
::1 - - [14/Sep/2023:13:42:20 +0000] "PATCH /medicamentos HTTP/1.1" 200 19 "-" "got (https://github.com/sindresorhus/got)"
::1 - - [14/Sep/2023:13:45:33 +0000] "PATCH /medicamentos HTTP/1.1" 500 1343 "-" "got (https://github.com/sindresorhus/got)"
::1 - - [14/Sep/2023:13:45:49 +0000] "PATCH /medicamentos HTTP/1.1" 500 1343 "-" "got (https://github.com/sindresorhus/got)"
::1 - - [14/Sep/2023:13:46:01 +0000] "PATCH /medicamentos HTTP/1.1" 500 1343 "-" "got (https://github.com/sindresorhus/got)"
::1 - - [14/Sep/2023:13:46:02 +0000] "PATCH /medicamentos HTTP/1.1" 500 1343 "-" "got (https://github.com/sindresorhus/got)"
::1 - - [14/Sep/2023:13:46:17 +0000] "PATCH /medicamentos HTTP/1.1" 200 80 "-" "got (https://github.com/sindresorhus/got)"
::1 - - [14/Sep/2023:13:46:46 +0000] "PATCH /medicamentos HTTP/1.1" 200 71 "-" "got (https://github.com/sindresorhus/got)"
::1 - - [14/Sep/2023:13:47:38 +0000] "PATCH /medicamentos HTTP/1.1" 200 69 "-" "got (https://github.com/sindresorhus/got)"
::1 - - [14/Sep/2023:13:52:24 +0000] "PATCH /medicamentos HTTP/1.1" 200 - "-" "got (https://github.com/sindresorhus/got)"
::1 - - [14/Sep/2023:13:52:25 +0000] "PATCH /medicamentos HTTP/1.1" 200 - "-" "got (https://github.com/sindresorhus/got)"
::1 - - [15/Sep/2023:00:16:57 +0000] "GET /medicamentos?id=6 HTTP/1.1" 200 10683 "-" "got (https://github.com/sindresorhus/got)"
::1 - - [15/Sep/2023:00:17:11 +0000] "DELETE /medicamentos?id=4 HTTP/1.1" 200 32 "-" "got (https://github.com/sindresorhus/got)"
::1 - - [15/Sep/2023:00:38:56 +0000] "GET /medicamentos?id=4 HTTP/1.1" 200 10519 "-" "got (https://github.com/sindresorhus/got)"
::1 - - [15/Sep/2023:00:41:14 +0000] "PATCH /medicamentos?id=5 HTTP/1.1" 200 71 "-" "got (https://github.com/sindresorhus/got)"
::1 - - [15/Sep/2023:00:47:52 +0000] "PATCH /medicamentos?id=5 HTTP/1.1" 200 36 "-" "got (https://github.com/sindresorhus/got)"
::1 - - [15/Sep/2023:01:10:16 +0000] "POST /medicamentos?id=5 HTTP/1.1" 200 109 "-" "got (https://github.com/sindresorhus/got)"
::1 - - [15/Sep/2023:01:23:48 +0000] "PATCH /medicamentos?id=117 HTTP/1.1" 200 36 "-" "got (https://github.com/sindresorhus/got)"
::1 - - [15/Sep/2023:01:24:25 +0000] "PATCH /medicamentos?id=117 HTTP/1.1" 200 36 "-" "got (https://github.com/sindresorhus/got)"
::1 - - [15/Sep/2023:01:24:25 +0000] "PATCH /medicamentos?id=117 HTTP/1.1" 200 36 "-" "got (https://github.com/sindresorhus/got)"
::1 - - [15/Sep/2023:01:29:34 +0000] "GET /medicamentos HTTP/1.1" 200 10641 "-" "got (https://github.com/sindresorhus/got)"
::1 - - [15/Sep/2023:01:30:04 +0000] "GET /medicamentos HTTP/1.1" 200 10641 "-" "got (https://github.com/sindresorhus/got)"
::1 - - [15/Sep/2023:01:30:32 +0000] "GET /medicamentos HTTP/1.1" 200 10641 "-" "Thunder Client (https://www.thunderclient.com)"
::1 - - [15/Sep/2023:01:31:20 +0000] "DELETE /medicamentos?id=5 HTTP/1.1" 200 32 "-" "got (https://github.com/sindresorhus/got)"
::1 - - [15/Sep/2023:01:31:30 +0000] "GET /medicamentos?id=5 HTTP/1.1" 200 10468 "-" "Thunder Client (https://www.thunderclient.com)"
::1 - - [15/Sep/2023:13:23:15 +0000] "GET /medicamentos HTTP/1.1" 200 10468 "-" "Thunder Client (https://www.thunderclient.com)"
::1 - - [15/Sep/2023:13:23:47 +0000] "PATCH /medicamentos?id=117 HTTP/1.1" 200 36 "-" "got (https://github.com/sindresorhus/got)"
::1 - - [15/Sep/2023:13:23:55 +0000] "GET /medicamentos HTTP/1.1" 200 10467 "-" "Thunder Client (https://www.thunderclient.com)"
::1 - - [15/Sep/2023:13:24:16 +0000] "DELETE /medicamentos?id=6 HTTP/1.1" 200 32 "-" "Thunder Client (https://www.thunderclient.com)"
::1 - - [15/Sep/2023:13:24:20 +0000] "GET /medicamentos HTTP/1.1" 200 10300 "-" "Thunder Client (https://www.thunderclient.com)"
::1 - - [18/Sep/2023:13:22:12 +0000] "GET /medicamentos HTTP/1.1" 200 10300 "-" "Thunder Client (https://www.thunderclient.com)"
::1 - - [18/Sep/2023:13:29:48 +0000] "OPTIONS /medicamentos HTTP/1.1" 200 26 "http://127.0.0.1:5500/" "Mozilla/5.0 (iPhone; CPU iPhone OS 13_2_3 like Mac OS X) AppleWebKit/605.1.15 (KHTML, like Gecko) Version/13.0.3 Mobile/15E148 Safari/604.1"
::1 - - [18/Sep/2023:13:29:52 +0000] "OPTIONS /medicamentos HTTP/1.1" 200 26 "http://127.0.0.1:5500/" "Mozilla/5.0 (iPhone; CPU iPhone OS 13_2_3 like Mac OS X) AppleWebKit/605.1.15 (KHTML, like Gecko) Version/13.0.3 Mobile/15E148 Safari/604.1"
::1 - - [18/Sep/2023:13:30:04 +0000] "GET /medicamentos HTTP/1.1" 200 10300 "-" "Mozilla/5.0 (Windows NT 10.0; Win64; x64) AppleWebKit/537.36 (KHTML, like Gecko) Chrome/117.0.0.0 Safari/537.36"
::1 - - [18/Sep/2023:13:30:04 +0000] "GET /favicon.ico HTTP/1.1" 404 150 "http://localhost:8080/medicamentos" "Mozilla/5.0 (Windows NT 10.0; Win64; x64) AppleWebKit/537.36 (KHTML, like Gecko) Chrome/117.0.0.0 Safari/537.36"
::1 - - [18/Sep/2023:13:32:46 +0000] "GET /Parcial1/EvitandoCors/tableBootstrap.html HTTP/1.1" 404 180 "-" "Mozilla/5.0 (iPhone; CPU iPhone OS 13_2_3 like Mac OS X) AppleWebKit/605.1.15 (KHTML, like Gecko) Version/13.0.3 Mobile/15E148 Safari/604.1"
::1 - - [18/Sep/2023:13:32:56 +0000] "GET / HTTP/1.1" 404 139 "-" "Mozilla/5.0 (iPhone; CPU iPhone OS 13_2_3 like Mac OS X) AppleWebKit/605.1.15 (KHTML, like Gecko) Version/13.0.3 Mobile/15E148 Safari/604.1"
::1 - - [18/Sep/2023:13:33:21 +0000] "OPTIONS /medicamentos HTTP/1.1" 200 26 "http://localhost/" "Mozilla/5.0 (Windows NT 10.0; Win64; x64) AppleWebKit/537.36 (KHTML, like Gecko) Chrome/117.0.0.0 Safari/537.36"
::1 - - [18/Sep/2023:13:36:46 +0000] "OPTIONS /medicamentos HTTP/1.1" 204 0 "http://localhost/" "Mozilla/5.0 (iPhone; CPU iPhone OS 13_2_3 like Mac OS X) AppleWebKit/605.1.15 (KHTML, like Gecko) Version/13.0.3 Mobile/15E148 Safari/604.1"
::1 - - [18/Sep/2023:13:36:47 +0000] "GET /medicamentos HTTP/1.1" 304 - "http://localhost/" "Mozilla/5.0 (iPhone; CPU iPhone OS 13_2_3 like Mac OS X) AppleWebKit/605.1.15 (KHTML, like Gecko) Version/13.0.3 Mobile/15E148 Safari/604.1"
::1 - - [18/Sep/2023:13:39:25 +0000] "OPTIONS /medicamentos HTTP/1.1" 204 0 "http://localhost/" "Mozilla/5.0 (Windows NT 10.0; Win64; x64) AppleWebKit/537.36 (KHTML, like Gecko) Chrome/117.0.0.0 Safari/537.36"
::1 - - [18/Sep/2023:13:39:25 +0000] "GET /medicamentos HTTP/1.1" 304 - "http://localhost/" "Mozilla/5.0 (Windows NT 10.0; Win64; x64) AppleWebKit/537.36 (KHTML, like Gecko) Chrome/117.0.0.0 Safari/537.36"
